git@gitlab.com:romerramos_hack/w5_d21_ch1_romerramos.git
git@gitlab.com:despinozac_hack/w5_d21_ch1_despinozac.git
git@gitlab.com:jloaiza018_hack/w5_d21_ch1_jloaiza018.git
git@gitlab.com:jbasilio221_hack/w5_d21_ch1_jbasilio221.git
git@gitlab.com:dguzzo083_hack/w5_d21_ch1_dguzzo083.git
git@gitlab.com:nrmarcano368_hack/w5_d21_ch1_nrmarcano368.git
git@gitlab.com:mgraterol824_hack/w5_d21_ch1_mgraterol824.git
git@gitlab.com:mcamacho828_hack/w5_d21_ch1_mcamacho828.git
git@gitlab.com:sbernal969_hack/w5_d21_ch1_sbernal969.git
git@gitlab.com:cpetersen223_hack/w5_d21_ch1_cpetersen223.git
git@gitlab.com:drondon500_hack/w5_d21_ch1_drondon500.git
git@gitlab.com:jsalazar568_hack/w5_d21_ch1_jsalazar568.git
git@gitlab.com:jsanchez308_hack/w5_d21_ch1_jsanchez308.git
git@gitlab.com:ereyes791_hack/w5_d21_ch1_ereyes791.git
git@gitlab.com:nrmarcano368_hack/w5_d23_ch2_nrmarcano368.git
git@gitlab.com:mgraterol824_hack/w5_d23_ch2_mgraterol824.git
git@gitlab.com:drondon500_hack/w5_d23_ch2_drondon500.git
git@gitlab.com:jloaiza018_hack/w5_d23_ch2_jloaiza018.git
git@gitlab.com:cpetersen223_hack/w5_d23_ch2_cpetersen223.git
git@gitlab.com:jsanchez308_hack/w5_d23_ch2_jsanchez308.git
git@gitlab.com:jsalazar568_hack/w5_d23_ch2_jsalazar568.git
git@gitlab.com:sbernal969_hack/w5_d23_ch2_sbernal969.git
git@gitlab.com:jbasilio221_hack/w5_d23_ch2_jbasilio221.git
